<?xml version="1.0" encoding="UTF-8"?>
<!-- Generated by org.testng.reporters.JUnitXMLReporter -->
<testsuite hostname="LHTU05CG4472DYW" ignored="2" name="MemberDemographicValidation" tests="66" failures="11" timestamp="2020-08-23T18:10:09 IST" time="108.823" errors="0">
  <testcase name="memberIdentifierTest" time="3.271" classname="ct.Testcases.CostTransparencyFields"/>
  <testcase name="HICNTest" time="0.214" classname="ct.Testcases.CostTransparencyFields"/>
  <testcase name="firstNameTest" time="0.177" classname="ct.Testcases.CostTransparencyFields"/>
  <testcase name="dateOfBirthTest" time="0.15" classname="ct.Testcases.CostTransparencyFields"/>
  <testcase name="primaryPhoneTest" time="0.136" classname="ct.Testcases.CostTransparencyFields"/>
  <testcase name="primaryLanguageTest" time="0.14" classname="ct.Testcases.CostTransparencyFields"/>
  <testcase name="addressTest" time="0.126" classname="ct.Testcases.CostTransparencyFields"/>
  <testcase name="cityTest" time="0.164" classname="ct.Testcases.CostTransparencyFields"/>
  <testcase name="stateTest" time="0.139" classname="ct.Testcases.CostTransparencyFields"/>
  <testcase name="zipCodeTest" time="0.139" classname="ct.Testcases.CostTransparencyFields"/>
  <testcase name="planTest" time="0.132" classname="ct.Testcases.CostTransparencyFields"/>
  <testcase name="planNameTest" time="0.111" classname="ct.Testcases.CostTransparencyFields">
    <failure type="java.lang.AssertionError" message="planName is mismatched expected [AARP Medicare Advantage Choice Plan 1 (PPO)] but found []">
      <![CDATA[java.lang.AssertionError: planName is mismatched expected [AARP Medicare Advantage Choice Plan 1 (PPO)] but found []
at ct.Testcases.CostTransparencyFields.planNameTest(CostTransparencyFields.java:217)
at java.util.ArrayList.forEach(Unknown Source)
... Removed 31 stack frames]]>
    </failure>
  </testcase> <!-- planNameTest -->
  <testcase name="deductibeSpentOutNetworkTest" time="0.139" classname="ct.Testcases.CostTransparencyFields"/>
  <testcase name="deductibeLimitOutNetworkTest" time="0.167" classname="ct.Testcases.CostTransparencyFields"/>
  <testcase name="deductibeSpentInNetworkTest" time="0.126" classname="ct.Testcases.CostTransparencyFields"/>
  <testcase name="deductibeLimitInNetworkTest" time="0.113" classname="ct.Testcases.CostTransparencyFields"/>
  <testcase name="oopSpentOutNetworkTest" time="0.105" classname="ct.Testcases.CostTransparencyFields">
    <failure type="java.lang.AssertionError" message="oopSpentOutNetwork is mismatched expected [50.0] but found []">
      <![CDATA[java.lang.AssertionError: oopSpentOutNetwork is mismatched expected [50.0] but found []
at ct.Testcases.CostTransparencyFields.oopSpentOutNetworkTest(CostTransparencyFields.java:257)
at java.util.ArrayList.forEach(Unknown Source)
... Removed 31 stack frames]]>
    </failure>
  </testcase> <!-- oopSpentOutNetworkTest -->
  <testcase name="oopLimitOutNetworkTest" time="0.11" classname="ct.Testcases.CostTransparencyFields">
    <failure type="java.lang.AssertionError" message="oopLimitOutNetwork is mismatched expected [$10,000.00 Combined] but found []">
      <![CDATA[java.lang.AssertionError: oopLimitOutNetwork is mismatched expected [$10,000.00 Combined] but found []
at ct.Testcases.CostTransparencyFields.oopLimitOutNetworkTest(CostTransparencyFields.java:265)
at java.util.ArrayList.forEach(Unknown Source)
... Removed 31 stack frames]]>
    </failure>
  </testcase> <!-- oopLimitOutNetworkTest -->
  <testcase name="oopSpentInNetworkTest" time="0.139" classname="ct.Testcases.CostTransparencyFields">
    <failure type="java.lang.AssertionError" message="oopSpentInNetwork is mismatched expected [60.0] but found []">
      <![CDATA[java.lang.AssertionError: oopSpentInNetwork is mismatched expected [60.0] but found []
at ct.Testcases.CostTransparencyFields.oopSpentInNetworkTest(CostTransparencyFields.java:273)
at java.util.ArrayList.forEach(Unknown Source)
... Removed 31 stack frames]]>
    </failure>
  </testcase> <!-- oopSpentInNetworkTest -->
  <testcase name="oopLimitInNetworkTest" time="0.125" classname="ct.Testcases.CostTransparencyFields">
    <failure type="java.lang.AssertionError" message="oopLimitInNetwork is mismatched expected [$5,900.00] but found []">
      <![CDATA[java.lang.AssertionError: oopLimitInNetwork is mismatched expected [$5,900.00] but found []
at ct.Testcases.CostTransparencyFields.oopLimitInNetworkTest(CostTransparencyFields.java:281)
at java.util.ArrayList.forEach(Unknown Source)
... Removed 31 stack frames]]>
    </failure>
  </testcase> <!-- oopLimitInNetworkTest -->
  <testcase name="serviceRefrenceNumberTest" time="0.503" classname="ct.Testcases.CostTransparencyFields"/>
  <testcase name="hscIdTest" time="0.103" classname="ct.Testcases.CostTransparencyFields"/>
  <testcase name="dateOfProcedureTest" time="0.105" classname="ct.Testcases.CostTransparencyFields"/>
  <testcase name="procedureCodeTest" time="0.12" classname="ct.Testcases.CostTransparencyFields"/>
  <testcase name="facilityTest" time="0.124" classname="ct.Testcases.CostTransparencyFields"/>
  <testcase name="procedurecodeDescriptionTest" time="0.152" classname="ct.Testcases.CostTransparencyFields"/>
  <testcase name="providerNameTest" time="0.117" classname="ct.Testcases.CostTransparencyFields"/>
  <testcase name="providerAddressTest" time="0.11" classname="ct.Testcases.CostTransparencyFields"/>
  <testcase name="providerCityTest" time="0.107" classname="ct.Testcases.CostTransparencyFields"/>
  <testcase name="providerStateTest" time="0.155" classname="ct.Testcases.CostTransparencyFields"/>
  <testcase name="providerZipcodeTest" time="0.138" classname="ct.Testcases.CostTransparencyFields"/>
  <testcase name="providerSpecialityTest" time="0.132" classname="ct.Testcases.CostTransparencyFields"/>
  <testcase name="providerNetworkStatusTest" time="0.129" classname="ct.Testcases.CostTransparencyFields"/>
  <testcase name="memberIdentifierTest" time="3.977" classname="ct.Testcases.CostTransparencyFields"/>
  <testcase name="HICNTest" time="0.152" classname="ct.Testcases.CostTransparencyFields"/>
  <testcase name="firstNameTest" time="0.125" classname="ct.Testcases.CostTransparencyFields"/>
  <testcase name="dateOfBirthTest" time="0.178" classname="ct.Testcases.CostTransparencyFields"/>
  <testcase name="primaryPhoneTest" time="0.117" classname="ct.Testcases.CostTransparencyFields"/>
  <testcase name="primaryLanguageTest" time="0.137" classname="ct.Testcases.CostTransparencyFields"/>
  <testcase name="addressTest" time="0.167" classname="ct.Testcases.CostTransparencyFields"/>
  <testcase name="cityTest" time="0.196" classname="ct.Testcases.CostTransparencyFields"/>
  <testcase name="stateTest" time="0.353" classname="ct.Testcases.CostTransparencyFields"/>
  <testcase name="zipCodeTest" time="0.169" classname="ct.Testcases.CostTransparencyFields"/>
  <testcase name="planTest" time="0.155" classname="ct.Testcases.CostTransparencyFields"/>
  <testcase name="planNameTest" time="0.157" classname="ct.Testcases.CostTransparencyFields">
    <failure type="java.lang.AssertionError" message="planName is mismatched expected [UnitedHealthcare Group Medicare Advantage (PPO)] but found []">
      <![CDATA[java.lang.AssertionError: planName is mismatched expected [UnitedHealthcare Group Medicare Advantage (PPO)] but found []
at ct.Testcases.CostTransparencyFields.planNameTest(CostTransparencyFields.java:217)
at java.util.ArrayList.forEach(Unknown Source)
... Removed 31 stack frames]]>
    </failure>
  </testcase> <!-- planNameTest -->
  <testcase name="deductibeSpentOutNetworkTest" time="0.149" classname="ct.Testcases.CostTransparencyFields"/>
  <testcase name="deductibeLimitOutNetworkTest" time="0.122" classname="ct.Testcases.CostTransparencyFields"/>
  <testcase name="deductibeSpentInNetworkTest" time="0.193" classname="ct.Testcases.CostTransparencyFields"/>
  <testcase name="deductibeLimitInNetworkTest" time="0.159" classname="ct.Testcases.CostTransparencyFields"/>
  <testcase name="oopSpentOutNetworkTest" time="0.114" classname="ct.Testcases.CostTransparencyFields">
    <failure type="java.lang.AssertionError" message="oopSpentOutNetwork is mismatched expected [20.0] but found []">
      <![CDATA[java.lang.AssertionError: oopSpentOutNetwork is mismatched expected [20.0] but found []
at ct.Testcases.CostTransparencyFields.oopSpentOutNetworkTest(CostTransparencyFields.java:257)
at java.util.ArrayList.forEach(Unknown Source)
... Removed 31 stack frames]]>
    </failure>
  </testcase> <!-- oopSpentOutNetworkTest -->
  <testcase name="oopLimitOutNetworkTest" time="0.164" classname="ct.Testcases.CostTransparencyFields">
    <failure type="java.lang.AssertionError" message="oopLimitOutNetwork is mismatched expected [$10,000.00 Combined] but found []">
      <![CDATA[java.lang.AssertionError: oopLimitOutNetwork is mismatched expected [$10,000.00 Combined] but found []
at ct.Testcases.CostTransparencyFields.oopLimitOutNetworkTest(CostTransparencyFields.java:265)
at java.util.ArrayList.forEach(Unknown Source)
... Removed 31 stack frames]]>
    </failure>
  </testcase> <!-- oopLimitOutNetworkTest -->
  <testcase name="oopSpentInNetworkTest" time="0.15" classname="ct.Testcases.CostTransparencyFields">
    <failure type="java.lang.AssertionError" message="oopSpentInNetwork is mismatched expected [240.0] but found []">
      <![CDATA[java.lang.AssertionError: oopSpentInNetwork is mismatched expected [240.0] but found []
at ct.Testcases.CostTransparencyFields.oopSpentInNetworkTest(CostTransparencyFields.java:273)
at java.util.ArrayList.forEach(Unknown Source)
... Removed 31 stack frames]]>
    </failure>
  </testcase> <!-- oopSpentInNetworkTest -->
  <testcase name="oopLimitInNetworkTest" time="0.131" classname="ct.Testcases.CostTransparencyFields">
    <failure type="java.lang.AssertionError" message="oopLimitInNetwork is mismatched expected [$6,700.00] but found []">
      <![CDATA[java.lang.AssertionError: oopLimitInNetwork is mismatched expected [$6,700.00] but found []
at ct.Testcases.CostTransparencyFields.oopLimitInNetworkTest(CostTransparencyFields.java:281)
at java.util.ArrayList.forEach(Unknown Source)
... Removed 31 stack frames]]>
    </failure>
  </testcase> <!-- oopLimitInNetworkTest -->
  <testcase name="serviceRefrenceNumberTest" time="0.297" classname="ct.Testcases.CostTransparencyFields"/>
  <testcase name="hscIdTest" time="0.121" classname="ct.Testcases.CostTransparencyFields"/>
  <testcase name="dateOfProcedureTest" time="0.117" classname="ct.Testcases.CostTransparencyFields"/>
  <testcase name="procedureCodeTest" time="0.121" classname="ct.Testcases.CostTransparencyFields"/>
  <testcase name="facilityTest" time="0.123" classname="ct.Testcases.CostTransparencyFields"/>
  <testcase name="procedurecodeDescriptionTest" time="0.114" classname="ct.Testcases.CostTransparencyFields">
    <failure type="java.lang.AssertionError" message="procedureCodeDescription is mismatched expected [] but found [69990]">
      <![CDATA[java.lang.AssertionError: procedureCodeDescription is mismatched expected [] but found [69990]
at ct.Testcases.CostTransparencyFields.procedurecodeDescriptionTest(CostTransparencyFields.java:330)
at java.util.ArrayList.forEach(Unknown Source)
... Removed 31 stack frames]]>
    </failure>
  </testcase> <!-- procedurecodeDescriptionTest -->
  <testcase name="providerNameTest" time="0.117" classname="ct.Testcases.CostTransparencyFields"/>
  <testcase name="providerAddressTest" time="0.135" classname="ct.Testcases.CostTransparencyFields"/>
  <testcase name="providerCityTest" time="0.147" classname="ct.Testcases.CostTransparencyFields"/>
  <testcase name="providerStateTest" time="0.112" classname="ct.Testcases.CostTransparencyFields"/>
  <testcase name="providerZipcodeTest" time="0.1" classname="ct.Testcases.CostTransparencyFields"/>
  <testcase name="providerSpecialityTest" time="0.107" classname="ct.Testcases.CostTransparencyFields"/>
  <testcase name="providerNetworkStatusTest" time="0.105" classname="ct.Testcases.CostTransparencyFields"/>
  <testcase name="@AfterSuite removeExtent" time="0.0" classname="ct.intit.Base">
    <ignored/>
  </testcase> <!-- @AfterSuite removeExtent -->
  <testcase name="@BeforeSuite setExtent" time="0.0" classname="ct.intit.Base">
    <ignored/>
  </testcase> <!-- @BeforeSuite setExtent -->
</testsuite> <!-- MemberDemographicValidation -->
